#
# A fatal error has been detected by the Java Runtime Environment:
#
#  EXCEPTION_ACCESS_VIOLATION (0xc0000005) at pc=0x00007ffe2da2f011, pid=2084, tid=14240
#
# JRE version: Java(TM) SE Runtime Environment (25.0.1+8) (build 25.0.1+8-LTS-27)
# Java VM: Java HotSpot(TM) 64-Bit Server VM (25.0.1+8-LTS-27, mixed mode, sharing, tiered, compressed oops, compressed class ptrs, g1 gc, windows-amd64)
# Problematic frame:
# C  [awt.dll+0xdf011]
#
# No core dump will be written. Minidumps are not enabled by default on client versions of Windows
#
# If you would like to submit a bug report, please visit:
#   https://bugreport.java.com/bugreport/crash.jsp
# The crash happened outside the Java Virtual Machine in native code.
# See problematic frame for where to report the bug.
#

---------------  S U M M A R Y ------------

Command Line: -Dfile.encoding=UTF-8 --module-path=C:\Users\alanl\Desktop\Basalcode\build\classes codigo.BasalCodeIDE

Host: 13th Gen Intel(R) Core(TM) i5-1335U, 12 cores, 15G,  Windows 11 , 64 bit Build 26100 (10.0.26100.8246)
Time: Thu Apr 30 06:15:59 2026 Hora estándar central (México) elapsed time: 29943.269507 seconds (0d 8h 19m 3s)

---------------  T H R E A D  ---------------

Current thread (0x000002da7d4844e0):  JavaThread "AWT-Windows" daemon [_thread_in_native, id=14240, stack(0x000000ec63d00000,0x000000ec63e00000) (1024K)]

Stack: [0x000000ec63d00000,0x000000ec63e00000],  sp=0x000000ec63dfeaf0,  free space=1018k
Native frames: (J=compiled Java code, j=interpreted, Vv=VM code, C=native code)
C  [awt.dll+0xdf011]  (no source info available)
C  [awt.dll+0x98b2c]  (no source info available)
C  [awt.dll+0x98bd6]  (no source info available)
C  [awt.dll+0x95f59]  (no source info available)
C  [awt.dll+0xe373b]  (no source info available)
C  [awt.dll+0xb2e4d]  (no source info available)
C  [awt.dll+0x99110]  (no source info available)
C  [USER32.dll+0xc396]  (no source info available)
C  [USER32.dll+0xbe5c]  (no source info available)
C  [awt.dll+0x16613]  (no source info available)
C  [COMCTL32.dll+0x2cec8]  (no source info available)
C  [COMCTL32.dll+0x2cc9f]  (no source info available)
C  [USER32.dll+0xc396]  (no source info available)
C  [USER32.dll+0xa7ed]  (no source info available)
C  [awt.dll+0xd839e]  (no source info available)
C  [awt.dll+0xda2c2]  (no source info available)
C  0x000002da691ad193  (no source info available)

The last pc belongs to native method entry point (kind = native) (printed below).
Java frames: (J=compiled Java code, j=interpreted, Vv=VM code)
j  sun.awt.windows.WToolkit.eventLoop()V+0 java.desktop@25.0.1
j  sun.awt.windows.WToolkit.run()V+56 java.desktop@25.0.1
j  java.lang.Thread.runWith(Ljava/lang/Object;Ljava/lang/Runnable;)V+5 java.base@25.0.1
j  java.lang.Thread.run()V+19 java.base@25.0.1
v  ~StubRoutines::call_stub 0x000002da691a12ed

siginfo: EXCEPTION_ACCESS_VIOLATION (0xc0000005), reading address 0xffffffffffffffff


Registers:
RAX=0x0074636552746573, RBX=0x000002da7d963b30, RCX=0x0000000000000000, RDX=0x0000000000000000
RSP=0x000000ec63dfeaf0, RBP=0x000000ec63dfec09, RSI=0x0000000011010834, RDI=0x0000000000000000
R8 =0x0000000000000001, R9 =0x000000ec62466000, R10=0x0000000000000000, R11=0x0000000000000246
R12=0x0000000000000000, R13=0x0000000000000001, R14=0x000002da7d8b42f0, R15=0x0000000000000000
RIP=0x00007ffe2da2f011, EFLAGS=0x0000000000010246

XMM[0]=0x0000000000000000 0x0000000000000000
XMM[1]=0x0000000000000000 0x0000000000000000
XMM[2]=0x0000000000000000 0x0000000000000000
XMM[3]=0x0000000000000000 0x0000000000000000
XMM[4]=0x0000000000000000 0x0000000000000000
XMM[5]=0x0000000000000000 0x0000000000000000
XMM[6]=0x0000000000000000 0x0000000000000000
XMM[7]=0x0000000000000000 0x0000000000000000
XMM[8]=0x0000000000000000 0x0000000000000000
XMM[9]=0x0000000000000000 0x0000000000000000
XMM[10]=0x0000000000000000 0x0000000000000000
XMM[11]=0x0000000000000000 0x0000000000000000
XMM[12]=0x0000000000000000 0x0000000000000000
XMM[13]=0x0000000000000000 0x0000000000000000
XMM[14]=0x0000000000000000 0x0000000000000000
XMM[15]=0x0000000000000000 0x0000000000000000
  MXCSR=0x00001fa0


Register to memory mapping:

RAX=0x0074636552746573 is an unknown value
RBX=0x000002da7d963b30 points into unknown readable memory: 0x000002da7db099c0 | c0 99 b0 7d da 02 00 00
RCX=0x0 is null
RDX=0x0 is null
RSP=0x000000ec63dfeaf0 is pointing into the stack for thread: 0x000002da7d4844e0
RBP=0x000000ec63dfec09 is pointing into the stack for thread: 0x000002da7d4844e0
RSI=0x0000000011010834 is an unknown value
RDI=0x0 is null
R8 =0x0000000000000001 is an unknown value
R9 =0x000000ec62466000 points into unknown readable memory: 0x0000000000000000 | 00 00 00 00 00 00 00 00
R10=0x0 is null
R11=0x0000000000000246 is an unknown value
R12=0x0 is null
R13=0x0000000000000001 is an unknown value
R14=0x000002da7d8b42f0 points into unknown readable memory: 0x00007ffe2da5e8e0 | e0 e8 a5 2d fe 7f 00 00
R15=0x0 is null

Top of Stack: (sp=0x000000ec63dfeaf0)
0x000000ec63dfeaf0:   00007ffe2da8c838 0000000011010834   8..-....4.......
0x000000ec63dfeb00:   000002da7d8b42f0 000002da7d484928   .B.}....(IH}....
0x000000ec63dfeb10:   0000000000000000 00007ffe2d9e8b2c   ........,..-....
0x000000ec63dfeb20:   0000000011010834 000002da7d8b42f0   4........B.}....
0x000000ec63dfeb30:   000002da7d963b30 00007ffe2d966613   0;.}.....f.-....
0x000000ec63dfeb40:   000002da7d484928 00007ffe2d9e8bd6   (IH}.......-....
0x000000ec63dfeb50:   000002da7d8b4390 0000000000000001   .C.}............
0x000000ec63dfeb60:   0000000000000000 000000ec63dfed60   ........`..c....
0x000000ec63dfeb70:   000002da7d484928 00007ffe2d9e5f59   (IH}....Y_.-....
0x000000ec63dfeb80:   000002da7d8b4390 000000ec63dfec64   .C.}....d..c....
0x000000ec63dfeb90:   0000000000000000 0000000000000000   ................
0x000000ec63dfeba0:   00007ffe2d9e90b0 00007ffe7cf9a45e   ...-....^..|....
0x000000ec63dfebb0:   000002da7816a300 00007ffe7c9dc9a9   ...x.......|....
0x000000ec63dfebc0:   000000ec00000310 0000000000000000   ................
0x000000ec63dfebd0:   000000ec63dfec64 0000000000000000   d..c............
0x000000ec63dfebe0:   0000000000000000 0000000000000000   ................
0x000000ec63dfebf0:   000002da7d8b4390 000002da7d484928   .C.}....(IH}....
0x000000ec63dfec00:   0000000000000000 0000000000000000   ................
0x000000ec63dfec10:   00002ea80edab791 0000000000000000   ................
0x000000ec63dfec20:   0000000000000000 0000000000000000   ................
0x000000ec63dfec30:   0000000000000000 0000000000000000   ................
0x000000ec63dfec40:   0000000000000000 0000000000000310   ................
0x000000ec63dfec50:   0000000000000000 000002da7d8b42f0   .........B.}....
0x000000ec63dfec60:   000002da7d8b42f0 00007ffe2da3373b   .B.}....;7.-....
0x000000ec63dfec70:   0000000000000000 0000877a754a05f1   ..........Juz...
0x000000ec63dfec80:   0000cc760291adc7 0000000000000022   ....v...".......
0x000000ec63dfec90:   000000000000c281 0000000000000000   ................
0x000000ec63dfeca0:   0000000000000000 00007ffe7c9ac569   ........i..|....
0x000000ec63dfecb0:   0000000000000000 0000000000000001   ................
0x000000ec63dfecc0:   0000000000000022 00007ffe7cf8a69f   "..........|....
0x000000ec63dfecd0:   000000000030064e 00007ffe7c9ad7ba   N.0........|....
0x000000ec63dfece0:   ffffffffffffffeb 00002ea80edab061   ........a.......

Instructions: (pc=0x00007ffe2da2f011)
  0x00007ffe2da2ef11:   83 ec 28 66 0f 6e c2 0f 5b c0 f3 0f 59 41 48 0f
  0x00007ffe2da2ef21:   5a c8 f2 0f 10 05 cd 3c 03 00 f2 0f 5c 0d 05 3d
  0x00007ffe2da2ef31:   01 00 66 0f 2f c1 76 0a b8 00 00 00 80 48 83 c4
  0x00007ffe2da2ef41:   28 c3 66 0f 2f 0d 75 86 02 00 76 0a b8 ff ff ff
  0x00007ffe2da2ef51:   7f 48 83 c4 28 c3 0f 28 c1 e8 5b 07 01 00 f2 0f
  0x00007ffe2da2ef61:   2c c0 48 83 c4 28 c3 cc cc cc cc cc cc cc cc 48
  0x00007ffe2da2ef71:   83 ec 28 66 0f 6e c2 0f 5b c0 f3 0f 59 41 4c 0f
  0x00007ffe2da2ef81:   5a c8 f2 0f 10 05 6d 3c 03 00 f2 0f 5c 0d a5 3c
  0x00007ffe2da2ef91:   01 00 66 0f 2f c1 76 0a b8 00 00 00 80 48 83 c4
  0x00007ffe2da2efa1:   28 c3 66 0f 2f 0d 15 86 02 00 76 0a b8 ff ff ff
  0x00007ffe2da2efb1:   7f 48 83 c4 28 c3 0f 28 c1 e8 fb 06 01 00 f2 0f
  0x00007ffe2da2efc1:   2c c0 48 83 c4 28 c3 cc cc cc cc cc cc cc cc 48
  0x00007ffe2da2efd1:   8b 49 08 48 85 c9 0f 85 63 78 fe ff 33 c0 c3 48
  0x00007ffe2da2efe1:   89 5c 24 08 48 89 74 24 10 57 48 83 ec 20 8b fa
  0x00007ffe2da2eff1:   48 8b f1 e8 b7 93 f4 ff 48 8b d8 48 89 44 24 40
  0x00007ffe2da2f001:   41 b8 01 00 00 00 8b d7 48 8b c8 e8 0f 93 f4 ff
=>0x00007ffe2da2f011:   48 8b 48 08 48 85 c9 74 0d 48 8b d6 e8 1e 78 fe
  0x00007ffe2da2f021:   ff 48 8b f8 eb 02 33 ff 48 8b cb e8 3f 95 f4 ff
  0x00007ffe2da2f031:   90 48 8b c7 48 8b 5c 24 30 48 8b 74 24 38 48 83
  0x00007ffe2da2f041:   c4 20 5f c3 cc cc cc cc cc cc cc cc cc cc cc 48
  0x00007ffe2da2f051:   8b 01 89 10 c3 cc cc cc cc cc cc cc cc cc cc 40
  0x00007ffe2da2f061:   57 48 83 ec 40 48 83 79 38 00 48 8b f9 0f 84 b9
  0x00007ffe2da2f071:   01 00 00 48 8b 0d 85 9e 06 00 ba 02 00 01 00 48
  0x00007ffe2da2f081:   89 5c 24 58 48 89 74 24 68 e8 d0 ce 00 00 4c 8b
  0x00007ffe2da2f091:   05 b2 a3 06 00 48 8b c8 48 8b 57 38 48 8b d8 4c
  0x00007ffe2da2f0a1:   8b 08 4d 8b 91 f8 02 00 00 41 ff d2 48 8b f0 48
  0x00007ffe2da2f0b1:   85 c0 0f 84 6a 01 00 00 48 8b 0b 48 8b d0 4c 8b
  0x00007ffe2da2f0c1:   05 72 a3 06 00 4c 8b 89 00 01 00 00 48 8b cb 41
  0x00007ffe2da2f0d1:   ff d1 84 c0 0f 84 48 01 00 00 48 8b 03 48 8b d6
  0x00007ffe2da2f0e1:   48 8b 7f 08 48 8b cb 4c 8b 05 61 a3 06 00 48 81
  0x00007ffe2da2f0f1:   c7 00 04 00 00 48 89 6c 24 60 4c 8b 88 f8 02 00
  0x00007ffe2da2f101:   00 4c 89 64 24 38 41 ff d1 48 8b 0b 48 8b d6 4c


Stack slot to memory mapping:

stack at sp + 0 slots: 0x00007ffe2da8c838 awt.dll
stack at sp + 1 slots: 0x0000000011010834 is an unknown value
stack at sp + 2 slots: 0x000002da7d8b42f0 points into unknown readable memory: 0x00007ffe2da5e8e0 | e0 e8 a5 2d fe 7f 00 00
stack at sp + 3 slots: 0x000002da7d484928 points into unknown readable memory: 0x00007ffdcd2f6b50 | 50 6b 2f cd fd 7f 00 00
stack at sp + 4 slots: 0x0 is null
stack at sp + 5 slots: 0x00007ffe2d9e8b2c awt.dll
stack at sp + 6 slots: 0x0000000011010834 is an unknown value
stack at sp + 7 slots: 0x000002da7d8b42f0 points into unknown readable memory: 0x00007ffe2da5e8e0 | e0 e8 a5 2d fe 7f 00 00

Lock stack of current Java thread (top to bottom):

native method entry point (kind = native)  [0x000002da691acdc0, 0x000002da691ad8b8]  2808 bytes
[MachCode]
  0x000002da691acdc0: 488b 4b08 | 0fb7 492e | 584c 8d74 | ccf8 6800 | 0000 0068 | 0000 0000 | 5055 488b | ec41 5548 
  0x000002da691acde0: 8b43 084c | 8d68 3848 | 8b40 0868 | 0000 0000 | 5348 8b50 | 1848 8b52 | 7048 8b12 | 5248 8b53 
  0x000002da691ace00: 1048 85d2 | 7407 4881 | c2d0 0000 | 0052 488b | 5010 5249 | 8bc6 482b | c548 c1e8 | 0350 6800 
  0x000002da691ace20: 0000 0068 | f7ff ffff | 41c6 87f1 | 0400 0001 | 488b 4310 | 4885 c074 | 208b 8890 | 0000 0083 
  0x000002da691ace40: c102 8988 | 9000 0000 | 2388 a400 | 0000 0f84 | b209 0000 | e9cf 0000 | 0048 8b43 | 1848 85c0 
  0x000002da691ace60: 0f85 b000 | 0000 e805 | 0000 00e9 | 9900 0000 | 488b d348 | 8d44 2408 | 4c89 6dc0 | 498b cfc5 
  0x000002da691ace80: f877 4989 | af38 0400 | 0049 8987 | 2804 0000 | 4883 ec20 | 40f6 c40f | 0f84 1900 | 0000 4883 
  0x000002da691acea0: ec08 48b8 | 401f a8cc | fd7f 0000 | ffd0 4883 | c408 e90c | 0000 0048 | b840 1fa8 | ccfd 7f00 
  0x000002da691acec0: 00ff d048 | 83c4 2049 | c787 2804 | 0000 0000 | 0000 49c7 | 8738 0400 | 0000 0000 | 0049 c787 
  0x000002da691acee0: 3004 0000 | 0000 0000 | c5f8 7749 | 837f 0800 | 0f84 0500 | 0000 e9e5 | 42ff ff4c | 8b6d c04c 
  0x000002da691acf00: 8b75 c84e | 8d74 f500 | c348 8b43 | 1848 85c0 | 0f84 1200 | 0000 8b48 | 0883 c102 | 8948 0823 
  0x000002da691acf20: 482c 0f84 | de08 0000 | 493b a770 | 0500 000f | 8748 0000 | 0089 8424 | 00f0 ffff | 8984 2400 
  0x000002da691acf40: e0ff ff89 | 8424 00d0 | ffff 8984 | 2400 c0ff | ff89 8424 | 00b0 ffff | 8984 2400 | a0ff ff89 
  0x000002da691acf60: 8424 0090 | ffff 8984 | 2400 80ff | ff49 3ba7 | 6805 0000 | 7607 4989 | a770 0500 | 0041 c687 
  0x000002da691acf80: f104 0000 | 0048 8b5d | e84c 8b5b | 0845 0fb7 | 5b2e 41c1 | e303 492b | e348 83ec | 2048 83e4 
  0x000002da691acfa0: f04c 8b5b | 604d 85db | 0f85 ab00 | 0000 e805 | 0000 00e9 | 9900 0000 | 488b d348 | 8d44 2408 
  0x000002da691acfc0: 4c89 6dc0 | 498b cfc5 | f877 4989 | af38 0400 | 0049 8987 | 2804 0000 | 4883 ec20 | 40f6 c40f 
  0x000002da691acfe0: 0f84 1900 | 0000 4883 | ec08 48b8 | 7048 a8cc | fd7f 0000 | ffd0 4883 | c408 e90c | 0000 0048 
  0x000002da691ad000: b870 48a8 | ccfd 7f00 | 00ff d048 | 83c4 2049 | c787 2804 | 0000 0000 | 0000 49c7 | 8738 0400 
  0x000002da691ad020: 0000 0000 | 0049 c787 | 3004 0000 | 0000 0000 | c5f8 7749 | 837f 0800 | 0f84 0500 | 0000 e99d 
  0x000002da691ad040: 41ff ff4c | 8b6d c04c | 8b75 c84e | 8d74 f500 | c348 8b5d | e84c 8b5b | 6041 ffd3 | 488b 5de8 
  0x000002da691ad060: 4889 4518 | 440f b75b | 2c41 f6c3 | 080f 841b | 0000 004c | 8b5b 084d | 8b5b 084d | 8b5b 184d 
  0x000002da691ad080: 8b5b 704d | 8b1b 4c89 | 5d10 488d | 5510 488b | 4358 49ba | a00f e3cc | fd7f 0000 | 493b c20f 
  0x000002da691ad0a0: 85ab 0000 | 00e8 0500 | 0000 e999 | 0000 0048 | 8bd3 488d | 4424 084c | 896d c049 | 8bcf c5f8 
  0x000002da691ad0c0: 7749 89af | 3804 0000 | 4989 8728 | 0400 0048 | 83ec 2040 | f6c4 0f0f | 8419 0000 | 0048 83ec 
  0x000002da691ad0e0: 0848 b870 | 48a8 ccfd | 7f00 00ff | d048 83c4 | 08e9 0c00 | 0000 48b8 | 7048 a8cc | fd7f 0000 
  0x000002da691ad100: ffd0 4883 | c420 49c7 | 8728 0400 | 0000 0000 | 0049 c787 | 3804 0000 | 0000 0000 | 49c7 8730 
  0x000002da691ad120: 0400 0000 | 0000 00c5 | f877 4983 | 7f08 000f | 8405 0000 | 00e9 a640 | ffff 4c8b | 6dc0 4c8b 
  0x000002da691ad140: 75c8 4e8d | 74f5 00c3 | 488b 5de8 | 488b 4358 | 498d 8f48 | 0400 004c | 8d15 d500 | 0000 4d89 
  0x000002da691ad160: 9730 0400 | 00c5 f877 | 4989 af38 | 0400 0049 | 89a7 2804 | 0000 41c7 | 87d4 0400 | 0004 0000 
  0x000002da691ad180: 0049 3ba7 | c805 0000 | 7607 4989 | a7c8 0500 | 00ff d049 | 3ba7 c805 | 0000 720b | 49c7 87c8 
  0x000002da691ad1a0: 0500 0000 | 0000 00c5 | f877 4883 | ec10 c5fb | 1104 2448 | 83ec 1048 | 8904 2448 | c744 2408 
  0x000002da691ad1c0: 0000 0000 | 41c7 87d4 | 0400 0005 | 0000 00f0 | 8344 24c0 | 0049 3b6f | 280f 870e | 0000 0041 
  0x000002da691ad1e0: 83bf d004 | 0000 000f | 8420 0000 | 0049 8bcf | 4c8b e448 | 83ec 2048 | 83e4 f048 | b8a0 aca9 
  0x000002da691ad200: ccfd 7f00 | 00ff d049 | 8be4 4d33 | e441 c787 | d404 0000 | 0800 0000 | 4d8b 97f0 | 0500 0049 
  0x000002da691ad220: 83fa 0074 | 3549 c787 | f005 0000 | 0000 0000 | 41ff e249 | ba60 be1a | 69da 0200 | 0041 ffd2 
  0x000002da691ad240: 4883 ec10 | c5fb 1104 | 2448 83ec | 1048 8904 | 2448 c744 | 2408 0000 | 0000 49c7 | 8728 0400 
  0x000002da691ad260: 0000 0000 | 0049 c787 | 3804 0000 | 0000 0000 | 49c7 8730 | 0400 0000 | 0000 00c5 | f877 4d8b 
  0x000002da691ad280: 9fb8 0400 | 0041 c783 | 0001 0000 | 0000 0000 | 49bb 5aa7 | 1a69 da02 | 0000 4c3b | 5d18 0f85 
  0x000002da691ad2a0: 5501 0000 | 488b 0424 | 4883 c410 | 4885 c00f | 842f 0100 | 00a8 030f | 8508 0000 | 0048 8b00 
  0x000002da691ad2c0: e91f 0100 | 00a8 010f | 8509 0000 | 0048 8b40 | fee9 0e01 | 0000 488b | 40ff 4180 | 7f48 000f 
  0x000002da691ad2e0: 84ff 0000 | 0048 83f8 | 000f 84f5 | 0000 004d | 8b5f 384d | 85db 0f84 | 1400 0000 | 4983 eb08 
  0x000002da691ad300: 4d89 5f38 | 4d03 5f40 | 4989 03e9 | d400 0000 | 4883 ec70 | 4889 0424 | 4889 4c24 | 0848 8954 
  0x000002da691ad320: 2410 4c89 | 4424 184c | 894c 2420 | 4c89 5424 | 284c 895c | 2430 c5fb | 1144 2440 | c5fb 114c 
  0x000002da691ad340: 2448 c5fb | 1154 2450 | c5fb 115c | 2458 c5fb | 1164 2460 | c5fb 116c | 2468 498b | d748 8bc8 
  0x000002da691ad360: 4883 ec20 | 40f6 c40f | 0f84 1900 | 0000 4883 | ec08 48b8 | 2076 9ccc | fd7f 0000 | ffd0 4883 
  0x000002da691ad380: c408 e90c | 0000 0048 | b820 769c | ccfd 7f00 | 00ff d048 | 83c4 20c5 | fb10 6c24 | 68c5 fb10 
  0x000002da691ad3a0: 6424 60c5 | fb10 5c24 | 58c5 fb10 | 5424 50c5 | fb10 4c24 | 48c5 fb10 | 4424 404c | 8b5c 2430 
  0x000002da691ad3c0: 4c8b 5424 | 284c 8b4c | 2420 4c8b | 4424 1848 | 8b54 2410 | 488b 4c24 | 0848 8b04 | 2448 83c4 
  0x000002da691ad3e0: 70c5 f877 | 4889 4510 | 4883 ec10 | 4889 0424 | 48c7 4424 | 0800 0000 | 0041 83bf | 5005 0000 
  0x000002da691ad400: 020f 85bf | 0000 0048 | 81ec 8000 | 0000 4889 | 4424 7848 | 894c 2470 | 4889 5424 | 6848 895c 
  0x000002da691ad420: 2460 4889 | 6c24 5048 | 8974 2448 | 4889 7c24 | 404c 8944 | 2438 4c89 | 4c24 304c | 8954 2428 
  0x000002da691ad440: 4c89 5c24 | 204c 8964 | 2418 4c89 | 6c24 104c | 8974 2408 | 4c89 3c24 | 4c8b e448 | 83ec 2048 
  0x000002da691ad460: 83e4 f048 | b810 f7e2 | ccfd 7f00 | 00ff d049 | 8be4 4c8b | 3c24 4c8b | 7424 084c | 8b6c 2410 
  0x000002da691ad480: 4c8b 6424 | 184c 8b5c | 2420 4c8b | 5424 284c | 8b4c 2430 | 4c8b 4424 | 3848 8b7c | 2440 488b 
  0x000002da691ad4a0: 7424 4848 | 8b6c 2450 | 488b 5c24 | 6048 8b54 | 2468 488b | 4c24 7048 | 8b44 2478 | 4881 c480 
  0x000002da691ad4c0: 0000 004d | 33e4 488b | 5de8 4c8b | 6b08 4d8d | 6d38 4983 | 7f08 000f | 84bb 0000 | 00e8 0500 
  0x000002da691ad4e0: 0000 e996 | 0000 0048 | 8d44 2408 | 4c89 6dc0 | 498b cfc5 | f877 4989 | af38 0400 | 0049 8987 
  0x000002da691ad500: 2804 0000 | 4883 ec20 | 40f6 c40f | 0f84 1900 | 0000 4883 | ec08 48b8 | b066 a8cc | fd7f 0000 
  0x000002da691ad520: ffd0 4883 | c408 e90c | 0000 0048 | b8b0 66a8 | ccfd 7f00 | 00ff d048 | 83c4 2049 | c787 2804 
  0x000002da691ad540: 0000 0000 | 0000 49c7 | 8738 0400 | 0000 0000 | 0049 c787 | 3004 0000 | 0000 0000 | c5f8 7749 
  0x000002da691ad560: 837f 0800 | 0f84 0500 | 0000 e971 | 3cff ff4c | 8b6d c04c | 8b75 c84e | 8d74 f500 | c348 b948 
  0x000002da691ad580: 080c cdfd | 7f00 0048 | 83e4 f048 | b800 8dcf | ccfd 7f00 | 00ff d0f4 | 440f b75b | 2c41 f6c3 
  0x000002da691ad5a0: 200f 8472 | 0100 0048 | 8d55 a84c | 8b5a 084d | 85db 0f85 | bb00 0000 | e805 0000 | 00e9 9600 
  0x000002da691ad5c0: 0000 488d | 4424 084c | 896d c049 | 8bcf c5f8 | 7749 89af | 3804 0000 | 4989 8728 | 0400 0048 
  0x000002da691ad5e0: 83ec 2040 | f6c4 0f0f | 8419 0000 | 0048 83ec | 0848 b8e0 | 65a8 ccfd | 7f00 00ff | d048 83c4 
  0x000002da691ad600: 08e9 0c00 | 0000 48b8 | e065 a8cc | fd7f 0000 | ffd0 4883 | c420 49c7 | 8728 0400 | 0000 0000 
  0x000002da691ad620: 0049 c787 | 3804 0000 | 0000 0000 | 49c7 8730 | 0400 0000 | 0000 00c5 | f877 4983 | 7f08 000f 
  0x000002da691ad640: 8405 0000 | 00e9 963b | ffff 4c8b | 6dc0 4c8b | 75c8 4e8d | 74f5 00c3 | 48b9 4808 | 0ccd fd7f 
  0x000002da691ad660: 0000 4883 | e4f0 48b8 | 008d cfcc | fd7f 0000 | ffd0 f44c | 896d c04c | 8b4a 0848 | c742 0800 
  0x000002da691ad680: 0000 0045 | 8b87 d806 | 0000 4f3b | 4c07 f80f | 8542 0000 | 0041 83af | d806 0000 | 084f 3b4c 
  0x000002da691ad6a0: 07f0 0f84 | 2a00 0000 | 498b 01a8 | 020f 8512 | 0000 004c | 8bc0 4983 | c801 f04d | 0fb1 010f 
  0x000002da691ad6c0: 840d 0000 | 0041 8387 | d806 0000 | 08e9 0500 | 0000 e93e | 0000 004c | 894a 0848 | 8bca 4883 
  0x000002da691ad6e0: ec20 40f6 | c40f 0f84 | 1900 0000 | 4883 ec08 | 48b8 3038 | a8cc fd7f | 0000 ffd0 | 4883 c408 
  0x000002da691ad700: e90c 0000 | 0048 b830 | 38a8 ccfd | 7f00 00ff | d048 83c4 | 204c 8b6d | c041 c687 | 9603 0000 
  0x000002da691ad720: 0149 3b6f | 280f 8705 | 0000 00e9 | ab00 0000 | 4883 ec10 | c5fb 1104 | 2448 83ec | 1048 8904 
  0x000002da691ad740: 2448 c744 | 2408 0000 | 0000 c5f8 | 7749 89af | 3804 0000 | 49ba 4ad7 | 1a69 da02 | 0000 4d89 
  0x000002da691ad760: 9730 0400 | 0049 89a7 | 2804 0000 | 498b cf48 | 83ec 2040 | f6c4 0f0f | 8419 0000 | 0048 83ec 
  0x000002da691ad780: 0848 b8d0 | 1ea8 ccfd | 7f00 00ff | d048 83c4 | 08e9 0c00 | 0000 48b8 | d01e a8cc | fd7f 0000 
  0x000002da691ad7a0: ffd0 4883 | c420 49c7 | 8728 0400 | 0000 0000 | 0049 c787 | 3804 0000 | 0000 0000 | 49c7 8730 
  0x000002da691ad7c0: 0400 0000 | 0000 00c5 | f877 488b | 0424 4883 | c410 c5fb | 1004 2448 | 83c4 1048 | 8b04 2448 
  0x000002da691ad7e0: 83c4 10c5 | fb10 0424 | 4883 c410 | 4c8b 5d18 | 41ff d34c | 8b5d f8c9 | 41c6 8796 | 0300 0000 
  0x000002da691ad800: 5f49 8be3 | ffe7 ba00 | 0000 00e8 | 0500 0000 | e996 0000 | 0048 8d44 | 2408 4c89 | 6dc0 498b 
  0x000002da691ad820: cfc5 f877 | 4989 af38 | 0400 0049 | 8987 2804 | 0000 4883 | ec20 40f6 | c40f 0f84 | 1900 0000 
  0x000002da691ad840: 4883 ec08 | 48b8 202e | a8cc fd7f | 0000 ffd0 | 4883 c408 | e90c 0000 | 0048 b820 | 2ea8 ccfd 
  0x000002da691ad860: 7f00 00ff | d048 83c4 | 2049 c787 | 2804 0000 | 0000 0000 | 49c7 8738 | 0400 0000 | 0000 0049 
  0x000002da691ad880: c787 3004 | 0000 0000 | 0000 c5f8 | 7749 837f | 0800 0f84 | 0500 0000 | e943 39ff | ff4c 8b6d 
  0x000002da691ad8a0: c04c 8b75 | c84e 8d74 | f500 c348 | 8b5d e8e9 | 74f6 ffff | 0f1f 4000 
[/MachCode]

---------------  P R O C E S S  ---------------

Threads class SMR info:
_java_thread_list=0x000002da7d89b140, length=16, elements={
0x000002da7822edd0, 0x000002da7822f830, 0x000002da782353c0, 0x000002da78237430,
0x000002da782422a0, 0x000002da78245e80, 0x000002da78256eb0, 0x000002da78259d80,
0x000002da7d0ef810, 0x000002da7d213690, 0x000002da7d71a380, 0x000002da7d71ab40,
0x000002da7d4844e0, 0x000002da7d535580, 0x000002da56f6e5e0, 0x000002da7d92a520
}

Java Threads: ( => current thread )
  0x000002da7822edd0 JavaThread "Reference Handler"          daemon [_thread_blocked, id=29792, stack(0x000000ec63100000,0x000000ec63200000) (1024K)]
  0x000002da7822f830 JavaThread "Finalizer"                  daemon [_thread_blocked, id=33788, stack(0x000000ec63200000,0x000000ec63300000) (1024K)]
  0x000002da782353c0 JavaThread "Signal Dispatcher"          daemon [_thread_blocked, id=10760, stack(0x000000ec63300000,0x000000ec63400000) (1024K)]
  0x000002da78237430 JavaThread "Attach Listener"            daemon [_thread_blocked, id=22124, stack(0x000000ec63400000,0x000000ec63500000) (1024K)]
  0x000002da782422a0 JavaThread "Service Thread"             daemon [_thread_blocked, id=7872, stack(0x000000ec63500000,0x000000ec63600000) (1024K)]
  0x000002da78245e80 JavaThread "Monitor Deflation Thread"   daemon [_thread_blocked, id=21064, stack(0x000000ec63600000,0x000000ec63700000) (1024K)]
  0x000002da78256eb0 JavaThread "C2 CompilerThread0"         daemon [_thread_blocked, id=23584, stack(0x000000ec63700000,0x000000ec63800000) (1024K)]
  0x000002da78259d80 JavaThread "C1 CompilerThread0"         daemon [_thread_blocked, id=23320, stack(0x000000ec63800000,0x000000ec63900000) (1024K)]
  0x000002da7d0ef810 JavaThread "Common-Cleaner"             daemon [_thread_blocked, id=20328, stack(0x000000ec63900000,0x000000ec63a00000) (1024K)]
  0x000002da7d213690 JavaThread "Notification Thread"        daemon [_thread_blocked, id=26396, stack(0x000000ec63a00000,0x000000ec63b00000) (1024K)]
  0x000002da7d71a380 JavaThread "Java2D Disposer"            daemon [_thread_blocked, id=5812, stack(0x000000ec63b00000,0x000000ec63c00000) (1024K)]
  0x000002da7d71ab40 JavaThread "AWT-Shutdown"                      [_thread_blocked, id=27704, stack(0x000000ec63c00000,0x000000ec63d00000) (1024K)]
=>0x000002da7d4844e0 JavaThread "AWT-Windows"                daemon [_thread_in_native, id=14240, stack(0x000000ec63d00000,0x000000ec63e00000) (1024K)]
  0x000002da7d535580 JavaThread "AWT-EventQueue-0"                  [_thread_in_native, id=30652, stack(0x000000ec63e00000,0x000000ec63f00000) (1024K)]
  0x000002da56f6e5e0 JavaThread "DestroyJavaVM"                     [_thread_blocked, id=1908, stack(0x000000ec62900000,0x000000ec62a00000) (1024K)]
  0x000002da7d92a520 JavaThread "TimerQueue"                 daemon [_thread_blocked, id=25064, stack(0x000000ec63f00000,0x000000ec64000000) (1024K)]
Total: 16

Other Threads:
  0x000002da7821de00 VMThread "VM Thread"                           [id=24992, stack(0x000000ec63000000,0x000000ec63100000) (1024K)]
  0x000002da78210e70 WatcherThread "VM Periodic Task Thread"        [id=17732, stack(0x000000ec62f00000,0x000000ec63000000) (1024K)]
  0x000002da59450f70 WorkerThread "GC Thread#0"                     [id=34932, stack(0x000000ec62a00000,0x000000ec62b00000) (1024K)]
  0x000002da594a8010 ConcurrentGCThread "G1 Main Marker"            [id=31024, stack(0x000000ec62b00000,0x000000ec62c00000) (1024K)]
  0x000002da594a8bb0 WorkerThread "G1 Conc#0"                       [id=7588, stack(0x000000ec62c00000,0x000000ec62d00000) (1024K)]
  0x000002da780e3e20 ConcurrentGCThread "G1 Refine#0"               [id=25096, stack(0x000000ec62d00000,0x000000ec62e00000) (1024K)]
  0x000002da780e6940 ConcurrentGCThread "G1 Service"                [id=32236, stack(0x000000ec62e00000,0x000000ec62f00000) (1024K)]
Total: 7

Threads with active compile tasks:
Total: 0

VM state: not at safepoint (normal execution)

VM Mutex/Monitor currently owned by a thread: None

Heap address: 0x0000000704800000, size: 4024 MB, Compressed Oops mode: Zero based, Oop shift amount: 3

CDS archive(s) mapped at: [0x0000000014000000-0x0000000014dd0000-0x0000000014dd0000), size 14483456, SharedBaseAddress: 0x0000000014000000, ArchiveRelocationMode: 1.
Compressed class space mapped at: 0x0000000015000000-0x0000000055000000, reserved size: 1073741824
UseCompressedClassPointers 1, UseCompactObjectHeaders 0
Narrow klass pointer bits 32, Max shift 3
Narrow klass base: 0x0000000014000000, Narrow klass shift: 0
Encoding Range: [0x0000000014000000 - 0x0000000114000000), (4294967296 bytes)
Klass Range:    [0x0000000014010000 - 0x0000000055000000), (1090453504 bytes)
Klass ID Range:  [65536 - 1090519033) (1090453497)
Protection zone: [0x0000000014000000 - 0x0000000014010000), (65536 bytes)

GC Precious Log:
 CardTable entry size: 512
 Card Set container configuration: InlinePtr #cards 4 size 8 Array Of Cards #cards 16 size 48 Howl #buckets 8 coarsen threshold 3686 Howl Bitmap #cards 512 size 80 coarsen threshold 460 Card regions per heap region 1 cards per card region 4096
 CPUs: 12 total, 12 available
 Memory: 16095M
 Large Page Support: Disabled
 NUMA Support: Disabled
 Compressed Oops: Enabled (Zero based)
 Heap Region Size: 2M
 Heap Min Capacity: 8M
 Heap Initial Capacity: 252M
 Heap Max Capacity: 4024M
 Pre-touch: Disabled
 Parallel Workers: 10
 Concurrent Workers: 3
 Concurrent Refinement Workers: 10
 Periodic GC: Disabled

Heap:
 garbage-first heap   total reserved 4120576K, committed 260096K, used 23701K [0x0000000704800000, 0x0000000800000000)
  region size 2048K, 8 young (16384K), 0 survivors (0K)

Heap Regions: E=young(eden), S=young(survivor), O=old, HS=humongous(starts), HC=humongous(continues), CS=collection set, F=free, TAMS=top-at-mark-start, PB=parsable bottom
|   0|0x0000000704800000, 0x0000000704a00000, 0x0000000704a00000|100%|HS|  |TAMS 0x0000000704800000| PB 0x0000000704800000| Complete |  0
|   1|0x0000000704a00000, 0x0000000704c00000, 0x0000000704c00000|100%|HC|  |TAMS 0x0000000704a00000| PB 0x0000000704a00000| Complete |  0
|   2|0x0000000704c00000, 0x0000000704e00000, 0x0000000704e00000|100%|HC|  |TAMS 0x0000000704c00000| PB 0x0000000704c00000| Complete |  0
|   3|0x0000000704e00000, 0x0000000705000000, 0x0000000705000000|100%|HC|  |TAMS 0x0000000704e00000| PB 0x0000000704e00000| Complete |  0
|   4|0x0000000705000000, 0x0000000705000000, 0x0000000705200000|  0%| F|  |TAMS 0x0000000705000000| PB 0x0000000705000000| Untracked |  0
|   5|0x0000000705200000, 0x0000000705200000, 0x0000000705400000|  0%| F|  |TAMS 0x0000000705200000| PB 0x0000000705200000| Untracked |  0
|   6|0x0000000705400000, 0x0000000705400000, 0x0000000705600000|  0%| F|  |TAMS 0x0000000705400000| PB 0x0000000705400000| Untracked |  0
|   7|0x0000000705600000, 0x0000000705600000, 0x0000000705800000|  0%| F|  |TAMS 0x0000000705600000| PB 0x0000000705600000| Untracked |  0
|   8|0x0000000705800000, 0x0000000705800000, 0x0000000705a00000|  0%| F|  |TAMS 0x0000000705800000| PB 0x0000000705800000| Untracked |  0
|   9|0x0000000705a00000, 0x0000000705a00000, 0x0000000705c00000|  0%| F|  |TAMS 0x0000000705a00000| PB 0x0000000705a00000| Untracked |  0
|  10|0x0000000705c00000, 0x0000000705c00000, 0x0000000705e00000|  0%| F|  |TAMS 0x0000000705c00000| PB 0x0000000705c00000| Untracked |  0
|  11|0x0000000705e00000, 0x0000000705e00000, 0x0000000706000000|  0%| F|  |TAMS 0x0000000705e00000| PB 0x0000000705e00000| Untracked |  0
|  12|0x0000000706000000, 0x0000000706000000, 0x0000000706200000|  0%| F|  |TAMS 0x0000000706000000| PB 0x0000000706000000| Untracked |  0
|  13|0x0000000706200000, 0x0000000706200000, 0x0000000706400000|  0%| F|  |TAMS 0x0000000706200000| PB 0x0000000706200000| Untracked |  0
|  14|0x0000000706400000, 0x0000000706400000, 0x0000000706600000|  0%| F|  |TAMS 0x0000000706400000| PB 0x0000000706400000| Untracked |  0
|  15|0x0000000706600000, 0x0000000706600000, 0x0000000706800000|  0%| F|  |TAMS 0x0000000706600000| PB 0x0000000706600000| Untracked |  0
|  16|0x0000000706800000, 0x0000000706800000, 0x0000000706a00000|  0%| F|  |TAMS 0x0000000706800000| PB 0x0000000706800000| Untracked |  0
|  17|0x0000000706a00000, 0x0000000706a00000, 0x0000000706c00000|  0%| F|  |TAMS 0x0000000706a00000| PB 0x0000000706a00000| Untracked |  0
|  18|0x0000000706c00000, 0x0000000706c00000, 0x0000000706e00000|  0%| F|  |TAMS 0x0000000706c00000| PB 0x0000000706c00000| Untracked |  0
|  19|0x0000000706e00000, 0x0000000706e00000, 0x0000000707000000|  0%| F|  |TAMS 0x0000000706e00000| PB 0x0000000706e00000| Untracked |  0
|  20|0x0000000707000000, 0x0000000707000000, 0x0000000707200000|  0%| F|  |TAMS 0x0000000707000000| PB 0x0000000707000000| Untracked |  0
|  21|0x0000000707200000, 0x0000000707200000, 0x0000000707400000|  0%| F|  |TAMS 0x0000000707200000| PB 0x0000000707200000| Untracked |  0
|  22|0x0000000707400000, 0x0000000707400000, 0x0000000707600000|  0%| F|  |TAMS 0x0000000707400000| PB 0x0000000707400000| Untracked |  0
|  23|0x0000000707600000, 0x0000000707600000, 0x0000000707800000|  0%| F|  |TAMS 0x0000000707600000| PB 0x0000000707600000| Untracked |  0
|  24|0x0000000707800000, 0x0000000707800000, 0x0000000707a00000|  0%| F|  |TAMS 0x0000000707800000| PB 0x0000000707800000| Untracked |  0
|  25|0x0000000707a00000, 0x0000000707a00000, 0x0000000707c00000|  0%| F|  |TAMS 0x0000000707a00000| PB 0x0000000707a00000| Untracked |  0
|  26|0x0000000707c00000, 0x0000000707c00000, 0x0000000707e00000|  0%| F|  |TAMS 0x0000000707c00000| PB 0x0000000707c00000| Untracked |  0
|  27|0x0000000707e00000, 0x0000000707e00000, 0x0000000708000000|  0%| F|  |TAMS 0x0000000707e00000| PB 0x0000000707e00000| Untracked |  0
|  28|0x0000000708000000, 0x0000000708000000, 0x0000000708200000|  0%| F|  |TAMS 0x0000000708000000| PB 0x0000000708000000| Untracked |  0
|  29|0x0000000708200000, 0x0000000708200000, 0x0000000708400000|  0%| F|  |TAMS 0x0000000708200000| PB 0x0000000708200000| Untracked |  0
|  30|0x0000000708400000, 0x0000000708400000, 0x0000000708600000|  0%| F|  |TAMS 0x0000000708400000| PB 0x0000000708400000| Untracked |  0
|  31|0x0000000708600000, 0x0000000708600000, 0x0000000708800000|  0%| F|  |TAMS 0x0000000708600000| PB 0x0000000708600000| Untracked |  0
|  32|0x0000000708800000, 0x0000000708800000, 0x0000000708a00000|  0%| F|  |TAMS 0x0000000708800000| PB 0x0000000708800000| Untracked |  0
|  33|0x0000000708a00000, 0x0000000708a00000, 0x0000000708c00000|  0%| F|  |TAMS 0x0000000708a00000| PB 0x0000000708a00000| Untracked |  0
|  34|0x0000000708c00000, 0x0000000708c00000, 0x0000000708e00000|  0%| F|  |TAMS 0x0000000708c00000| PB 0x0000000708c00000| Untracked |  0
|  35|0x0000000708e00000, 0x0000000708e00000, 0x0000000709000000|  0%| F|  |TAMS 0x0000000708e00000| PB 0x0000000708e00000| Untracked |  0
|  36|0x0000000709000000, 0x0000000709000000, 0x0000000709200000|  0%| F|  |TAMS 0x0000000709000000| PB 0x0000000709000000| Untracked |  0
|  37|0x0000000709200000, 0x0000000709200000, 0x0000000709400000|  0%| F|  |TAMS 0x0000000709200000| PB 0x0000000709200000| Untracked |  0
|  38|0x0000000709400000, 0x0000000709400000, 0x0000000709600000|  0%| F|  |TAMS 0x0000000709400000| PB 0x0000000709400000| Untracked |  0
|  39|0x0000000709600000, 0x0000000709600000, 0x0000000709800000|  0%| F|  |TAMS 0x0000000709600000| PB 0x0000000709600000| Untracked |  0
|  40|0x0000000709800000, 0x0000000709800000, 0x0000000709a00000|  0%| F|  |TAMS 0x0000000709800000| PB 0x0000000709800000| Untracked |  0
|  41|0x0000000709a00000, 0x0000000709a00000, 0x0000000709c00000|  0%| F|  |TAMS 0x0000000709a00000| PB 0x0000000709a00000| Untracked |  0
|  42|0x0000000709c00000, 0x0000000709c00000, 0x0000000709e00000|  0%| F|  |TAMS 0x0000000709c00000| PB 0x0000000709c00000| Untracked |  0
|  43|0x0000000709e00000, 0x0000000709e00000, 0x000000070a000000|  0%| F|  |TAMS 0x0000000709e00000| PB 0x0000000709e00000| Untracked |  0
|  44|0x000000070a000000, 0x000000070a000000, 0x000000070a200000|  0%| F|  |TAMS 0x000000070a000000| PB 0x000000070a000000| Untracked |  0
|  45|0x000000070a200000, 0x000000070a200000, 0x000000070a400000|  0%| F|  |TAMS 0x000000070a200000| PB 0x000000070a200000| Untracked |  0
|  46|0x000000070a400000, 0x000000070a400000, 0x000000070a600000|  0%| F|  |TAMS 0x000000070a400000| PB 0x000000070a400000| Untracked |  0
|  47|0x000000070a600000, 0x000000070a600000, 0x000000070a800000|  0%| F|  |TAMS 0x000000070a600000| PB 0x000000070a600000| Untracked |  0
|  48|0x000000070a800000, 0x000000070a800000, 0x000000070aa00000|  0%| F|  |TAMS 0x000000070a800000| PB 0x000000070a800000| Untracked |  0
|  49|0x000000070aa00000, 0x000000070aa00000, 0x000000070ac00000|  0%| F|  |TAMS 0x000000070aa00000| PB 0x000000070aa00000| Untracked |  0
|  50|0x000000070ac00000, 0x000000070ac00000, 0x000000070ae00000|  0%| F|  |TAMS 0x000000070ac00000| PB 0x000000070ac00000| Untracked |  0
|  51|0x000000070ae00000, 0x000000070ae00000, 0x000000070b000000|  0%| F|  |TAMS 0x000000070ae00000| PB 0x000000070ae00000| Untracked |  0
|  52|0x000000070b000000, 0x000000070b000000, 0x000000070b200000|  0%| F|  |TAMS 0x000000070b000000| PB 0x000000070b000000| Untracked |  0
|  53|0x000000070b200000, 0x000000070b200000, 0x000000070b400000|  0%| F|  |TAMS 0x000000070b200000| PB 0x000000070b200000| Untracked |  0
|  54|0x000000070b400000, 0x000000070b400000, 0x000000070b600000|  0%| F|  |TAMS 0x000000070b400000| PB 0x000000070b400000| Untracked |  0
|  55|0x000000070b600000, 0x000000070b600000, 0x000000070b800000|  0%| F|  |TAMS 0x000000070b600000| PB 0x000000070b600000| Untracked |  0
|  56|0x000000070b800000, 0x000000070b800000, 0x000000070ba00000|  0%| F|  |TAMS 0x000000070b800000| PB 0x000000070b800000| Untracked |  0
|  57|0x000000070ba00000, 0x000000070ba00000, 0x000000070bc00000|  0%| F|  |TAMS 0x000000070ba00000| PB 0x000000070ba00000| Untracked |  0
|  58|0x000000070bc00000, 0x000000070bc00000, 0x000000070be00000|  0%| F|  |TAMS 0x000000070bc00000| PB 0x000000070bc00000| Untracked |  0
|  59|0x000000070be00000, 0x000000070be00000, 0x000000070c000000|  0%| F|  |TAMS 0x000000070be00000| PB 0x000000070be00000| Untracked |  0
|  60|0x000000070c000000, 0x000000070c000000, 0x000000070c200000|  0%| F|  |TAMS 0x000000070c000000| PB 0x000000070c000000| Untracked |  0
|  61|0x000000070c200000, 0x000000070c200000, 0x000000070c400000|  0%| F|  |TAMS 0x000000070c200000| PB 0x000000070c200000| Untracked |  0
|  62|0x000000070c400000, 0x000000070c400000, 0x000000070c600000|  0%| F|  |TAMS 0x000000070c400000| PB 0x000000070c400000| Untracked |  0
|  63|0x000000070c600000, 0x000000070c600000, 0x000000070c800000|  0%| F|  |TAMS 0x000000070c600000| PB 0x000000070c600000| Untracked |  0
|  64|0x000000070c800000, 0x000000070c800000, 0x000000070ca00000|  0%| F|  |TAMS 0x000000070c800000| PB 0x000000070c800000| Untracked |  0
|  65|0x000000070ca00000, 0x000000070ca00000, 0x000000070cc00000|  0%| F|  |TAMS 0x000000070ca00000| PB 0x000000070ca00000| Untracked |  0
|  66|0x000000070cc00000, 0x000000070cc00000, 0x000000070ce00000|  0%| F|  |TAMS 0x000000070cc00000| PB 0x000000070cc00000| Untracked |  0
|  67|0x000000070ce00000, 0x000000070ce00000, 0x000000070d000000|  0%| F|  |TAMS 0x000000070ce00000| PB 0x000000070ce00000| Untracked |  0
|  68|0x000000070d000000, 0x000000070d000000, 0x000000070d200000|  0%| F|  |TAMS 0x000000070d000000| PB 0x000000070d000000| Untracked |  0
|  69|0x000000070d200000, 0x000000070d200000, 0x000000070d400000|  0%| F|  |TAMS 0x000000070d200000| PB 0x000000070d200000| Untracked |  0
|  70|0x000000070d400000, 0x000000070d400000, 0x000000070d600000|  0%| F|  |TAMS 0x000000070d400000| PB 0x000000070d400000| Untracked |  0
|  71|0x000000070d600000, 0x000000070d600000, 0x000000070d800000|  0%| F|  |TAMS 0x000000070d600000| PB 0x000000070d600000| Untracked |  0
|  72|0x000000070d800000, 0x000000070d800000, 0x000000070da00000|  0%| F|  |TAMS 0x000000070d800000| PB 0x000000070d800000| Untracked |  0
|  73|0x000000070da00000, 0x000000070da00000, 0x000000070dc00000|  0%| F|  |TAMS 0x000000070da00000| PB 0x000000070da00000| Untracked |  0
|  74|0x000000070dc00000, 0x000000070dc00000, 0x000000070de00000|  0%| F|  |TAMS 0x000000070dc00000| PB 0x000000070dc00000| Untracked |  0
|  75|0x000000070de00000, 0x000000070de00000, 0x000000070e000000|  0%| F|  |TAMS 0x000000070de00000| PB 0x000000070de00000| Untracked |  0
|  76|0x000000070e000000, 0x000000070e000000, 0x000000070e200000|  0%| F|  |TAMS 0x000000070e000000| PB 0x000000070e000000| Untracked |  0
|  77|0x000000070e200000, 0x000000070e200000, 0x000000070e400000|  0%| F|  |TAMS 0x000000070e200000| PB 0x000000070e200000| Untracked |  0
|  78|0x000000070e400000, 0x000000070e400000, 0x000000070e600000|  0%| F|  |TAMS 0x000000070e400000| PB 0x000000070e400000| Untracked |  0
|  79|0x000000070e600000, 0x000000070e600000, 0x000000070e800000|  0%| F|  |TAMS 0x000000070e600000| PB 0x000000070e600000| Untracked |  0
|  80|0x000000070e800000, 0x000000070e800000, 0x000000070ea00000|  0%| F|  |TAMS 0x000000070e800000| PB 0x000000070e800000| Untracked |  0
|  81|0x000000070ea00000, 0x000000070ea00000, 0x000000070ec00000|  0%| F|  |TAMS 0x000000070ea00000| PB 0x000000070ea00000| Untracked |  0
|  82|0x000000070ec00000, 0x000000070ec00000, 0x000000070ee00000|  0%| F|  |TAMS 0x000000070ec00000| PB 0x000000070ec00000| Untracked |  0
|  83|0x000000070ee00000, 0x000000070ee00000, 0x000000070f000000|  0%| F|  |TAMS 0x000000070ee00000| PB 0x000000070ee00000| Untracked |  0
|  84|0x000000070f000000, 0x000000070f000000, 0x000000070f200000|  0%| F|  |TAMS 0x000000070f000000| PB 0x000000070f000000| Untracked |  0
|  85|0x000000070f200000, 0x000000070f200000, 0x000000070f400000|  0%| F|  |TAMS 0x000000070f200000| PB 0x000000070f200000| Untracked |  0
|  86|0x000000070f400000, 0x000000070f400000, 0x000000070f600000|  0%| F|  |TAMS 0x000000070f400000| PB 0x000000070f400000| Untracked |  0
|  87|0x000000070f600000, 0x000000070f600000, 0x000000070f800000|  0%| F|  |TAMS 0x000000070f600000| PB 0x000000070f600000| Untracked |  0
|  88|0x000000070f800000, 0x000000070f800000, 0x000000070fa00000|  0%| F|  |TAMS 0x000000070f800000| PB 0x000000070f800000| Untracked |  0
|  89|0x000000070fa00000, 0x000000070fa00000, 0x000000070fc00000|  0%| F|  |TAMS 0x000000070fa00000| PB 0x000000070fa00000| Untracked |  0
|  90|0x000000070fc00000, 0x000000070fc00000, 0x000000070fe00000|  0%| F|  |TAMS 0x000000070fc00000| PB 0x000000070fc00000| Untracked |  0
|  91|0x000000070fe00000, 0x000000070fe00000, 0x0000000710000000|  0%| F|  |TAMS 0x000000070fe00000| PB 0x000000070fe00000| Untracked |  0
|  92|0x0000000710000000, 0x0000000710000000, 0x0000000710200000|  0%| F|  |TAMS 0x0000000710000000| PB 0x0000000710000000| Untracked |  0
|  93|0x0000000710200000, 0x0000000710200000, 0x0000000710400000|  0%| F|  |TAMS 0x0000000710200000| PB 0x0000000710200000| Untracked |  0
|  94|0x0000000710400000, 0x0000000710400000, 0x0000000710600000|  0%| F|  |TAMS 0x0000000710400000| PB 0x0000000710400000| Untracked |  0
|  95|0x0000000710600000, 0x0000000710600000, 0x0000000710800000|  0%| F|  |TAMS 0x0000000710600000| PB 0x0000000710600000| Untracked |  0
|  96|0x0000000710800000, 0x0000000710800000, 0x0000000710a00000|  0%| F|  |TAMS 0x0000000710800000| PB 0x0000000710800000| Untracked |  0
|  97|0x0000000710a00000, 0x0000000710a00000, 0x0000000710c00000|  0%| F|  |TAMS 0x0000000710a00000| PB 0x0000000710a00000| Untracked |  0
|  98|0x0000000710c00000, 0x0000000710c00000, 0x0000000710e00000|  0%| F|  |TAMS 0x0000000710c00000| PB 0x0000000710c00000| Untracked |  0
|  99|0x0000000710e00000, 0x0000000710e00000, 0x0000000711000000|  0%| F|  |TAMS 0x0000000710e00000| PB 0x0000000710e00000| Untracked |  0
| 100|0x0000000711000000, 0x0000000711000000, 0x0000000711200000|  0%| F|  |TAMS 0x0000000711000000| PB 0x0000000711000000| Untracked |  0
| 101|0x0000000711200000, 0x0000000711200000, 0x0000000711400000|  0%| F|  |TAMS 0x0000000711200000| PB 0x0000000711200000| Untracked |  0
| 102|0x0000000711400000, 0x0000000711400000, 0x0000000711600000|  0%| F|  |TAMS 0x0000000711400000| PB 0x0000000711400000| Untracked |  0
| 103|0x0000000711600000, 0x0000000711600000, 0x0000000711800000|  0%| F|  |TAMS 0x0000000711600000| PB 0x0000000711600000| Untracked |  0
| 104|0x0000000711800000, 0x0000000711800000, 0x0000000711a00000|  0%| F|  |TAMS 0x0000000711800000| PB 0x0000000711800000| Untracked |  0
| 105|0x0000000711a00000, 0x0000000711a00000, 0x0000000711c00000|  0%| F|  |TAMS 0x0000000711a00000| PB 0x0000000711a00000| Untracked |  0
| 106|0x0000000711c00000, 0x0000000711c00000, 0x0000000711e00000|  0%| F|  |TAMS 0x0000000711c00000| PB 0x0000000711c00000| Untracked |  0
| 107|0x0000000711e00000, 0x0000000711e00000, 0x0000000712000000|  0%| F|  |TAMS 0x0000000711e00000| PB 0x0000000711e00000| Untracked |  0
| 108|0x0000000712000000, 0x0000000712000000, 0x0000000712200000|  0%| F|  |TAMS 0x0000000712000000| PB 0x0000000712000000| Untracked |  0
| 109|0x0000000712200000, 0x0000000712200000, 0x0000000712400000|  0%| F|  |TAMS 0x0000000712200000| PB 0x0000000712200000| Untracked |  0
| 110|0x0000000712400000, 0x0000000712400000, 0x0000000712600000|  0%| F|  |TAMS 0x0000000712400000| PB 0x0000000712400000| Untracked |  0
| 111|0x0000000712600000, 0x0000000712600000, 0x0000000712800000|  0%| F|  |TAMS 0x0000000712600000| PB 0x0000000712600000| Untracked |  0
| 112|0x0000000712800000, 0x0000000712800000, 0x0000000712a00000|  0%| F|  |TAMS 0x0000000712800000| PB 0x0000000712800000| Untracked |  0
| 113|0x0000000712a00000, 0x0000000712a00000, 0x0000000712c00000|  0%| F|  |TAMS 0x0000000712a00000| PB 0x0000000712a00000| Untracked |  0
| 114|0x0000000712c00000, 0x0000000712c00000, 0x0000000712e00000|  0%| F|  |TAMS 0x0000000712c00000| PB 0x0000000712c00000| Untracked |  0
| 115|0x0000000712e00000, 0x0000000712e00000, 0x0000000713000000|  0%| F|  |TAMS 0x0000000712e00000| PB 0x0000000712e00000| Untracked |  0
| 116|0x0000000713000000, 0x0000000713000000, 0x0000000713200000|  0%| F|  |TAMS 0x0000000713000000| PB 0x0000000713000000| Untracked |  0
| 117|0x0000000713200000, 0x0000000713200000, 0x0000000713400000|  0%| F|  |TAMS 0x0000000713200000| PB 0x0000000713200000| Untracked |  0
| 118|0x0000000713400000, 0x00000007135fd888, 0x0000000713600000| 99%| E|  |TAMS 0x0000000713400000| PB 0x0000000713400000| Complete |  0
| 119|0x0000000713600000, 0x0000000713800000, 0x0000000713800000|100%| E|CS|TAMS 0x0000000713600000| PB 0x0000000713600000| Complete |  0
| 120|0x0000000713800000, 0x0000000713a00000, 0x0000000713a00000|100%| E|CS|TAMS 0x0000000713800000| PB 0x0000000713800000| Complete |  0
| 121|0x0000000713a00000, 0x0000000713c00000, 0x0000000713c00000|100%| E|CS|TAMS 0x0000000713a00000| PB 0x0000000713a00000| Complete |  0
| 122|0x0000000713c00000, 0x0000000713e00000, 0x0000000713e00000|100%| E|CS|TAMS 0x0000000713c00000| PB 0x0000000713c00000| Complete |  0
| 123|0x0000000713e00000, 0x0000000714000000, 0x0000000714000000|100%| E|CS|TAMS 0x0000000713e00000| PB 0x0000000713e00000| Complete |  0
| 124|0x0000000714000000, 0x0000000714200000, 0x0000000714200000|100%| E|CS|TAMS 0x0000000714000000| PB 0x0000000714000000| Complete |  0
| 125|0x0000000714200000, 0x0000000714400000, 0x0000000714400000|100%| E|CS|TAMS 0x0000000714200000| PB 0x0000000714200000| Complete |  0
|2011|0x00000007ffe00000, 0x00000007fff256a0, 0x0000000800000000| 57%| O|  |TAMS 0x00000007ffe00000| PB 0x00000007ffe00000| Untracked |  0

Card table byte_map: [0x000002da719c0000,0x000002da721a0000] _byte_map_base: 0x000002da6e19c000

Marking Bits: (CMBitMap*) 0x000002da59451700
 Bits: [0x000002da721a0000, 0x000002da76080000)

Polling page: 0x000002da571b0000

Metaspace:
Metaspace        used 9950K, committed 10112K, reserved 1114112K
 class space     used 933K, committed 1024K, reserved 1048576K

Usage:
  Non-class:      8.81 MB used.
      Class:    933.45 KB used.
       Both:      9.72 MB used.

Virtual space:
  Non-class space:       64.00 MB reserved,       8.88 MB ( 14%) committed,  1 nodes.
      Class space:        1.00 GB reserved,       1.00 MB ( <1%) committed,  1 nodes.
             Both:        1.06 GB reserved,       9.88 MB ( <1%) committed. 

Chunk freelists:
   Non-Class:  7.00 MB
       Class:  15.04 MB
        Both:  22.04 MB

MaxMetaspaceSize: unlimited
CompressedClassSpaceSize: 1.00 GB
Initial GC threshold: 21.00 MB
Current GC threshold: 21.00 MB
CDS: on
 - commit_granule_bytes: 65536.
 - commit_granule_words: 8192.
 - virtual_space_node_default_size: 8388608.
 - enlarge_chunks_in_place: 1.
UseCompressedClassPointers 1, UseCompactObjectHeaders 0
Narrow klass pointer bits 32, Max shift 3
Narrow klass base: 0x0000000014000000, Narrow klass shift: 0
Encoding Range: [0x0000000014000000 - 0x0000000114000000), (4294967296 bytes)
Klass Range:    [0x0000000014010000 - 0x0000000055000000), (1090453504 bytes)
Klass ID Range:  [65536 - 1090519033) (1090453497)
Protection zone: [0x0000000014000000 - 0x0000000014010000), (65536 bytes)


Internal statistics:

num_allocs_failed_limit: 0.
num_arena_births: 96.
num_arena_deaths: 0.
num_vsnodes_births: 2.
num_vsnodes_deaths: 0.
num_space_committed: 158.
num_space_uncommitted: 0.
num_chunks_returned_to_freelist: 0.
num_chunks_taken_from_freelist: 132.
num_chunk_merges: 0.
num_chunk_splits: 80.
num_chunks_enlarged: 47.
num_inconsistent_stats: 0.

CodeHeap 'non-profiled nmethods': size=120064Kb used=318Kb max_used=318Kb free=119745Kb
 bounds [0x000002da69730000, 0x000002da699a0000, 0x000002da70c70000]
CodeHeap 'profiled nmethods': size=120000Kb used=1945Kb max_used=1945Kb free=118054Kb
 bounds [0x000002da61c70000, 0x000002da61ee0000, 0x000002da691a0000]
CodeHeap 'non-nmethods': size=5696Kb used=1536Kb max_used=1549Kb free=4159Kb
 bounds [0x000002da691a0000, 0x000002da69410000, 0x000002da69730000]
CodeCache: size=245760Kb, used=3799Kb, max_used=3812Kb, free=241958Kb
 total_blobs=2091, nmethods=1422, adapters=573, full_count=0
Compilation: enabled, stopped_count=0, restarted_count=0

Compilation events (20 events):
Event: 1002.463 Thread 0x000002da78259d80 1412       3       java.awt.KeyboardFocusManager::getCurrentKeyboardFocusManager (7 bytes)
Event: 1002.463 Thread 0x000002da78259d80 nmethod 1412 0x000002da61e55308 code [0x000002da61e55400, 0x000002da61e55a30]
Event: 1002.463 Thread 0x000002da78259d80 1416       3       java.awt.Container::countComponents (10 bytes)
Event: 1002.464 Thread 0x000002da78259d80 nmethod 1416 0x000002da61e55a88 code [0x000002da61e55b80, 0x000002da61e55d58]
Event: 1002.464 Thread 0x000002da78259d80 1396       1       java.awt.geom.AffineTransform::getScaleY (5 bytes)
Event: 1002.464 Thread 0x000002da78259d80 nmethod 1396 0x000002da6977eb08 code [0x000002da6977ec00, 0x000002da6977ecc8]
Event: 1002.464 Thread 0x000002da78259d80 1414       1       java.awt.geom.AffineTransform::getShearX (5 bytes)
Event: 1002.464 Thread 0x000002da78259d80 nmethod 1414 0x000002da6977ee08 code [0x000002da6977ef00, 0x000002da6977efc8]
Event: 29943.253 Thread 0x000002da78259d80 1417       1       java.awt.Component::getComponentOrientation (5 bytes)
Event: 29943.253 Thread 0x000002da78259d80 nmethod 1417 0x000002da6977f108 code [0x000002da6977f200, 0x000002da6977f2d0]
Event: 29943.253 Thread 0x000002da78259d80 1418       3       java.awt.Dimension::<init> (15 bytes)
Event: 29943.253 Thread 0x000002da78259d80 nmethod 1418 0x000002da61e55d88 code [0x000002da61e55e80, 0x000002da61e56048]
Event: 29943.253 Thread 0x000002da78259d80 1419       3       java.awt.geom.Dimension2D::<init> (5 bytes)
Event: 29943.253 Thread 0x000002da78259d80 nmethod 1419 0x000002da61e56088 code [0x000002da61e56180, 0x000002da61e562e0]
Event: 29943.253 Thread 0x000002da78259d80 1420       1       java.awt.Component::isMinimumSizeSet (5 bytes)
Event: 29943.253 Thread 0x000002da78259d80 nmethod 1420 0x000002da6977f408 code [0x000002da6977f500, 0x000002da6977f5c8]
Event: 29943.253 Thread 0x000002da78259d80 1421       1       javax.swing.JScrollBar::getModel (5 bytes)
Event: 29943.253 Thread 0x000002da78259d80 nmethod 1421 0x000002da6977f708 code [0x000002da6977f800, 0x000002da6977f8d0]
Event: 29943.253 Thread 0x000002da78259d80 1422       3       java.awt.Component::setBoundsOp (51 bytes)
Event: 29943.254 Thread 0x000002da78259d80 nmethod 1422 0x000002da61e56388 code [0x000002da61e56480, 0x000002da61e56638]

GC Heap Usage History (0 events):
No events

Metaspace Usage History (0 events):
No events

Dll operation events (7 events):
Event: 0.008 Loaded shared library C:\Program Files\Java\jdk-25\bin\java.dll
Event: 0.058 Loaded shared library C:\Program Files\Java\jdk-25\bin\net.dll
Event: 0.060 Loaded shared library C:\Program Files\Java\jdk-25\bin\nio.dll
Event: 0.093 Loaded shared library C:\Program Files\Java\jdk-25\bin\jimage.dll
Event: 0.101 Loaded shared library C:\Program Files\Java\jdk-25\bin\awt.dll
Event: 0.226 Loaded shared library C:\Program Files\Java\jdk-25\bin\freetype.dll
Event: 0.227 Loaded shared library C:\Program Files\Java\jdk-25\bin\fontmanager.dll

Deoptimization events (18 events):
Event: 0.158 Thread 0x000002da56f6e5e0 Uncommon trap: trap_request=0xffffff45 fr.pc=0x000002da6973fcdc relative=0x000000000000075c
Event: 0.158 Thread 0x000002da56f6e5e0 Uncommon trap: reason=unstable_if action=reinterpret pc=0x000002da6973fcdc method=java.util.HashMap.putVal(ILjava/lang/Object;Ljava/lang/Object;ZZ)Ljava/lang/Object; @ 236 c2
Event: 0.158 Thread 0x000002da56f6e5e0 DEOPT PACKING pc=0x000002da6973fcdc sp=0x000000ec629fe8e0
Event: 0.158 Thread 0x000002da56f6e5e0 DEOPT UNPACKING pc=0x000002da692bfc02 sp=0x000000ec629fe868 mode 2
Event: 0.310 Thread 0x000002da7d535580 Uncommon trap: trap_request=0xffffff45 fr.pc=0x000002da69763e50 relative=0x0000000000000050
Event: 0.310 Thread 0x000002da7d535580 Uncommon trap: reason=unstable_if action=reinterpret pc=0x000002da69763e50 method=java.lang.Integer.compare(II)I @ 11 c2
Event: 0.310 Thread 0x000002da7d535580 DEOPT PACKING pc=0x000002da69763e50 sp=0x000000ec63efea60
Event: 0.310 Thread 0x000002da7d535580 DEOPT UNPACKING pc=0x000002da692bfc02 sp=0x000000ec63efe9f8 mode 2
Event: 0.401 Thread 0x000002da7d535580 DEOPT PACKING pc=0x000002da61dc52b8 sp=0x000000ec63efe000
Event: 0.401 Thread 0x000002da7d535580 DEOPT UNPACKING pc=0x000002da691f1702 sp=0x000000ec63efd488 mode 0
Event: 0.422 Thread 0x000002da7d535580 Uncommon trap: trap_request=0xffffff54 fr.pc=0x000002da6976a060 relative=0x0000000000000060
Event: 0.422 Thread 0x000002da7d535580 Uncommon trap: reason=speculate_null_check action=make_not_entrant pc=0x000002da6976a060 method=jdk.internal.misc.Unsafe.getIntUnaligned(Ljava/lang/Object;JZ)I @ 5 c2
Event: 0.422 Thread 0x000002da7d535580 DEOPT PACKING pc=0x000002da6976a060 sp=0x000000ec63efe020
Event: 0.422 Thread 0x000002da7d535580 DEOPT UNPACKING pc=0x000002da692bfc02 sp=0x000000ec63efdf78 mode 2
Event: 0.462 Thread 0x000002da7d535580 Uncommon trap: trap_request=0xffffff6e fr.pc=0x000002da6976bd18 relative=0x0000000000000298
Event: 0.462 Thread 0x000002da7d535580 Uncommon trap: reason=predicate action=maybe_recompile pc=0x000002da6976bd18 method=java.util.ArrayList.indexOfRange(Ljava/lang/Object;II)I @ 45 c2
Event: 0.462 Thread 0x000002da7d535580 DEOPT PACKING pc=0x000002da6976bd18 sp=0x000000ec63efec00
Event: 0.462 Thread 0x000002da7d535580 DEOPT UNPACKING pc=0x000002da692bfc02 sp=0x000000ec63efeb98 mode 2

Classes loaded (20 events):
Event: 0.642 Loading class sun/awt/im/InputContext done
Event: 0.642 Loading class sun/awt/im/InputMethodContext done
Event: 0.642 Loading class sun/awt/windows/WInputMethod
Event: 0.642 Loading class sun/awt/im/InputMethodAdapter
Event: 0.642 Loading class java/awt/im/spi/InputMethod
Event: 0.642 Loading class java/awt/im/spi/InputMethod done
Event: 0.642 Loading class sun/awt/im/InputMethodAdapter done
Event: 0.642 Loading class sun/awt/windows/WInputMethod done
Event: 0.644 Loading class java/awt/event/MouseWheelEvent
Event: 0.644 Loading class java/awt/event/MouseWheelEvent done
Event: 0.645 Loading class java/awt/TextComponent
Event: 0.645 Loading class java/awt/TextComponent done
Event: 0.650 Loading class sun/awt/im/CompositionAreaHandler
Event: 0.650 Loading class sun/awt/im/CompositionAreaHandler done
Event: 0.650 Loading class java/text/AttributedString
Event: 0.650 Loading class java/text/AttributedString done
Event: 0.650 Loading class java/text/AttributedString$AttributedStringIterator
Event: 0.651 Loading class java/text/AttributedCharacterIterator
Event: 0.651 Loading class java/text/AttributedCharacterIterator done
Event: 0.651 Loading class java/text/AttributedString$AttributedStringIterator done

Classes unloaded (0 events):
No events

Classes redefined (0 events):
No events

Internal exceptions (20 events):
Event: 0.217 Thread 0x000002da7d535580 Exception <a 'java/lang/NoSuchMethodError'{0x0000000713b26370}: 'long java.lang.invoke.DirectMethodHandle$Holder.invokeStaticInit(java.lang.Object, java.lang.Object)'> (0x0000000713b26370) 
thrown [s\open\src\hotspot\share\interpreter\linkResolver.cpp, line 804]
Event: 0.218 Thread 0x000002da7d535580 Exception <a 'java/lang/NoSuchMethodError'{0x0000000713b2ec20}: 'java.lang.Object java.lang.invoke.DirectMethodHandle$Holder.invokeStatic(java.lang.Object, long, java.lang.Object)'> (0x0000000713b2ec20) 
thrown [s\open\src\hotspot\share\interpreter\linkResolver.cpp, line 804]
Event: 0.218 Thread 0x000002da7d535580 Exception <a 'java/lang/NoSuchMethodError'{0x0000000713b36d70}: 'java.lang.Object java.lang.invoke.DirectMethodHandle$Holder.invokeStaticInit(java.lang.Object, long, java.lang.Object)'> (0x0000000713b36d70) 
thrown [s\open\src\hotspot\share\interpreter\linkResolver.cpp, line 804]
Event: 0.219 Thread 0x000002da7d535580 Exception <a 'java/lang/NoSuchMethodError'{0x0000000713b3f580}: 'java.lang.Object java.lang.invoke.DirectMethodHandle$Holder.invokeStaticInit(java.lang.Object, long)'> (0x0000000713b3f580) 
thrown [s\open\src\hotspot\share\interpreter\linkResolver.cpp, line 804]
Event: 0.233 Thread 0x000002da7d535580 Exception <a 'java/lang/NoSuchMethodError'{0x0000000713b891c8}: 'long java.lang.invoke.DirectMethodHandle$Holder.invokeStaticInit(java.lang.Object, long, long, long, long)'> (0x0000000713b891c8) 
thrown [s\open\src\hotspot\share\interpreter\linkResolver.cpp, line 804]
Event: 0.233 Thread 0x000002da7d535580 Exception <a 'java/lang/NoSuchMethodError'{0x0000000713b91c28}: 'java.lang.Object java.lang.invoke.DirectMethodHandle$Holder.invokeInterface(java.lang.Object, java.lang.Object, long, long)'> (0x0000000713b91c28) 
thrown [s\open\src\hotspot\share\interpreter\linkResolver.cpp, line 804]
Event: 0.234 Thread 0x000002da7d535580 Exception <a 'java/lang/NoSuchMethodError'{0x0000000713baa5d0}: 'void java.lang.invoke.DirectMethodHandle$Holder.invokeStaticInit(java.lang.Object, java.lang.Object, long, java.lang.Object)'> (0x0000000713baa5d0) 
thrown [s\open\src\hotspot\share\interpreter\linkResolver.cpp, line 804]
Event: 0.235 Thread 0x000002da7d535580 Exception <a 'java/lang/NoSuchMethodError'{0x0000000713bb3208}: 'long java.lang.invoke.DirectMethodHandle$Holder.invokeStatic(java.lang.Object, long, long)'> (0x0000000713bb3208) 
thrown [s\open\src\hotspot\share\interpreter\linkResolver.cpp, line 804]
Event: 0.237 Thread 0x000002da7d535580 Exception <a 'java/lang/NoSuchMethodError'{0x0000000713bd5760}: 'java.lang.Object java.lang.invoke.DirectMethodHandle$Holder.newInvokeSpecial(java.lang.Object, int, java.lang.Object)'> (0x0000000713bd5760) 
thrown [s\open\src\hotspot\share\interpreter\linkResolver.cpp, line 804]
Event: 0.254 Thread 0x000002da7d535580 Exception <a 'java/lang/NoSuchMethodError'{0x00000007138329d8}: 'int java.lang.invoke.Invokers$Holder.invokeExact_MT(java.lang.Object, java.lang.Object)'> (0x00000007138329d8) 
thrown [s\open\src\hotspot\share\interpreter\linkResolver.cpp, line 804]
Event: 0.289 Thread 0x000002da7d535580 Exception <a 'java/lang/NoSuchMethodError'{0x00000007138a2ce8}: 'void java.lang.invoke.DelegatingMethodHandle$Holder.reinvoke_L(java.lang.Object, java.lang.Object, java.lang.Object, long, float)'> (0x00000007138a2ce8) 
thrown [s\open\src\hotspot\share\interpreter\linkResolver.cpp, line 804]
Event: 0.291 Thread 0x000002da7d535580 Exception <a 'java/lang/NoSuchMethodError'{0x00000007138baf48}: 'java.lang.Object java.lang.invoke.DirectMethodHandle$Holder.invokeStatic(java.lang.Object, java.lang.Object, java.lang.Object, java.lang.Object, long)'> (0x00000007138baf48) 
thrown [s\open\src\hotspot\share\interpreter\linkResolver.cpp, line 804]
Event: 0.292 Thread 0x000002da7d535580 Exception <a 'java/lang/NoSuchMethodError'{0x00000007138dd228}: 'float java.lang.invoke.DelegatingMethodHandle$Holder.reinvoke_L(java.lang.Object, java.lang.Object, java.lang.Object, long)'> (0x00000007138dd228) 
thrown [s\open\src\hotspot\share\interpreter\linkResolver.cpp, line 804]
Event: 0.337 Thread 0x000002da7d535580 Exception <a 'java/io/FileNotFoundException'{0x0000000713691eb8}> (0x0000000713691eb8) 
thrown [s\open\src\hotspot\share\prims\jni.cpp, line 516]
Event: 0.339 Thread 0x000002da7d535580 Exception <a 'java/io/FileNotFoundException'{0x0000000713696fd8}> (0x0000000713696fd8) 
thrown [s\open\src\hotspot\share\prims\jni.cpp, line 516]
Event: 0.357 Thread 0x000002da7d535580 Exception <a 'java/io/FileNotFoundException'{0x00000007136b1b68}> (0x00000007136b1b68) 
thrown [s\open\src\hotspot\share\prims\jni.cpp, line 516]
Event: 0.403 Thread 0x000002da7d535580 Exception <a 'java/io/FileNotFoundException'{0x0000000713743f70}> (0x0000000713743f70) 
thrown [s\open\src\hotspot\share\prims\jni.cpp, line 516]
Event: 0.405 Thread 0x000002da7d535580 Exception <a 'java/io/FileNotFoundException'{0x0000000713748ee8}> (0x0000000713748ee8) 
thrown [s\open\src\hotspot\share\prims\jni.cpp, line 516]
Event: 0.410 Thread 0x000002da7d535580 Exception <a 'java/io/FileNotFoundException'{0x00000007137638b8}> (0x00000007137638b8) 
thrown [s\open\src\hotspot\share\prims\jni.cpp, line 516]
Event: 0.482 Thread 0x000002da7d4844e0 Exception <a 'java/lang/NoSuchMethodError'{0x0000000713f05c28}: 'void java.lang.invoke.DirectMethodHandle$Holder.invokeVirtual(java.lang.Object, java.lang.Object)'> (0x0000000713f05c28) 
thrown [s\open\src\hotspot\share\interpreter\linkResolver.cpp, line 804]

VM Operations (14 events):
Event: 0.063 Executing non-safepoint VM operation: HandshakeAllThreads (Deoptimize)
Event: 0.063 Executing non-safepoint VM operation: HandshakeAllThreads (Deoptimize) done
Event: 0.257 Executing non-safepoint VM operation: HandshakeAllThreads (Deoptimize)
Event: 0.258 Executing non-safepoint VM operation: HandshakeAllThreads (Deoptimize) done
Event: 0.637 Executing non-safepoint VM operation: HandshakeAllThreads (Deoptimize)
Event: 0.637 Executing non-safepoint VM operation: HandshakeAllThreads (Deoptimize) done
Event: 60.137 Executing non-safepoint VM operation: HandshakeAllThreads (HandshakeForDeflation)
Event: 60.138 Executing non-safepoint VM operation: HandshakeAllThreads (HandshakeForDeflation) done
Event: 60.138 Executing non-safepoint VM operation: RendezvousGCThreads
Event: 60.138 Executing non-safepoint VM operation: RendezvousGCThreads done
Event: 1002.561 Executing non-safepoint VM operation: HandshakeAllThreads (HandshakeForDeflation)
Event: 1002.561 Executing non-safepoint VM operation: HandshakeAllThreads (HandshakeForDeflation) done
Event: 1002.561 Executing non-safepoint VM operation: RendezvousGCThreads
Event: 1002.561 Executing non-safepoint VM operation: RendezvousGCThreads done

Memory protections (0 events):
No events

Nmethod flushes (0 events):
No events

Events (18 events):
Event: 0.021 Thread 0x000002da56f6e5e0 Thread added: 0x000002da56f6e5e0
Event: 0.031 Thread 0x000002da56f6e5e0 Thread added: 0x000002da7822edd0
Event: 0.031 Thread 0x000002da56f6e5e0 Thread added: 0x000002da7822f830
Event: 0.031 Thread 0x000002da56f6e5e0 Thread added: 0x000002da782353c0
Event: 0.031 Thread 0x000002da56f6e5e0 Thread added: 0x000002da78237430
Event: 0.031 Thread 0x000002da56f6e5e0 Thread added: 0x000002da782422a0
Event: 0.032 Thread 0x000002da56f6e5e0 Thread added: 0x000002da78245e80
Event: 0.032 Thread 0x000002da56f6e5e0 Thread added: 0x000002da78256eb0
Event: 0.032 Thread 0x000002da56f6e5e0 Thread added: 0x000002da78259d80
Event: 0.057 Thread 0x000002da56f6e5e0 Thread added: 0x000002da7d0ef810
Event: 0.076 Thread 0x000002da56f6e5e0 Thread added: 0x000002da7d213690
Event: 0.134 Thread 0x000002da56f6e5e0 Thread added: 0x000002da7d71a380
Event: 0.134 Thread 0x000002da56f6e5e0 Thread added: 0x000002da7d71ab40
Event: 0.134 Thread 0x000002da56f6e5e0 Thread added: 0x000002da7d4844e0
Event: 0.209 Thread 0x000002da56f6e5e0 Thread added: 0x000002da7d535580
Event: 0.209 Thread 0x000002da56f6e5e0 Thread exited: 0x000002da56f6e5e0
Event: 0.209 Thread 0x000002da56f6e5e0 Thread added: 0x000002da56f6e5e0
Event: 0.294 Thread 0x000002da7d535580 Thread added: 0x000002da7d92a520


Dynamic libraries:
0x00007ff7b0d50000 - 0x00007ff7b0d60000 	C:\Program Files\Java\jdk-25\bin\java.exe
0x00007ffe7cf80000 - 0x00007ffe7d1e7000 	C:\WINDOWS\SYSTEM32\ntdll.dll
0x00007ffe7b390000 - 0x00007ffe7b459000 	C:\WINDOWS\System32\KERNEL32.DLL
0x00007ffe79bb0000 - 0x00007ffe79fa4000 	C:\WINDOWS\System32\KERNELBASE.dll
0x00007ffe79a60000 - 0x00007ffe79bab000 	C:\WINDOWS\System32\ucrtbase.dll
0x00007ffe54dd0000 - 0x00007ffe54de7000 	C:\Program Files\Java\jdk-25\bin\jli.dll
0x00007ffe6c470000 - 0x00007ffe6c48e000 	C:\Program Files\Java\jdk-25\bin\VCRUNTIME140.dll
0x00007ffe7c9a0000 - 0x00007ffe7cb65000 	C:\WINDOWS\System32\USER32.dll
0x00007ffe7aaf0000 - 0x00007ffe7ab17000 	C:\WINDOWS\System32\win32u.dll
0x00007ffe56e90000 - 0x00007ffe57123000 	C:\WINDOWS\WinSxS\amd64_microsoft.windows.common-controls_6595b64144ccf1df_6.0.26100.8115_none_3e075c82e3354f9c\COMCTL32.dll
0x00007ffe7cca0000 - 0x00007ffe7cccb000 	C:\WINDOWS\System32\GDI32.dll
0x00007ffe7abe0000 - 0x00007ffe7ad0b000 	C:\WINDOWS\System32\gdi32full.dll
0x00007ffe7b280000 - 0x00007ffe7b329000 	C:\WINDOWS\System32\msvcrt.dll
0x00007ffe7a8d0000 - 0x00007ffe7a973000 	C:\WINDOWS\System32\msvcp_win.dll
0x00007ffe7c0a0000 - 0x00007ffe7c0d2000 	C:\WINDOWS\System32\IMM32.DLL
0x00007ffe76480000 - 0x00007ffe7648c000 	C:\Program Files\Java\jdk-25\bin\vcruntime140_1.dll
0x00007ffe540e0000 - 0x00007ffe5416d000 	C:\Program Files\Java\jdk-25\bin\msvcp140.dll
0x00007ffdcc610000 - 0x00007ffdcd46f000 	C:\Program Files\Java\jdk-25\bin\server\jvm.dll
0x00007ffe7bef0000 - 0x00007ffe7bfa6000 	C:\WINDOWS\System32\ADVAPI32.dll
0x00007ffe7b1d0000 - 0x00007ffe7b277000 	C:\WINDOWS\System32\sechost.dll
0x00007ffe7cb70000 - 0x00007ffe7cc88000 	C:\WINDOWS\System32\RPCRT4.dll
0x00007ffe7b9c0000 - 0x00007ffe7ba40000 	C:\WINDOWS\System32\WS2_32.dll
0x00007ffe796d0000 - 0x00007ffe7972e000 	C:\WINDOWS\SYSTEM32\POWRPROF.dll
0x00007ffe768c0000 - 0x00007ffe768f6000 	C:\WINDOWS\SYSTEM32\WINMM.dll
0x00007ffe65ff0000 - 0x00007ffe65ffb000 	C:\WINDOWS\SYSTEM32\VERSION.dll
0x00007ffe796b0000 - 0x00007ffe796c4000 	C:\WINDOWS\SYSTEM32\UMPDC.dll
0x00007ffe785b0000 - 0x00007ffe785cb000 	C:\WINDOWS\SYSTEM32\kernel.appcore.dll
0x00007ffe5a860000 - 0x00007ffe5a86a000 	C:\Program Files\Java\jdk-25\bin\jimage.dll
0x00007ffe77840000 - 0x00007ffe77a82000 	C:\WINDOWS\SYSTEM32\DBGHELP.DLL
0x00007ffe7b630000 - 0x00007ffe7b9b2000 	C:\WINDOWS\System32\combase.dll
0x00007ffe7bfb0000 - 0x00007ffe7c088000 	C:\WINDOWS\System32\OLEAUT32.dll
0x00007ffe55a50000 - 0x00007ffe55a8b000 	C:\WINDOWS\SYSTEM32\dbgcore.DLL
0x00007ffe79fb0000 - 0x00007ffe7a055000 	C:\WINDOWS\System32\bcryptPrimitives.dll
0x00007ffe60c40000 - 0x00007ffe60c5f000 	C:\Program Files\Java\jdk-25\bin\java.dll
0x00007ffe7bb50000 - 0x00007ffe7bce7000 	C:\WINDOWS\System32\ole32.dll
0x00007ffe7c230000 - 0x00007ffe7c997000 	C:\WINDOWS\System32\SHELL32.dll
0x00007ffe7a980000 - 0x00007ffe7aaea000 	C:\WINDOWS\System32\wintypes.dll
0x00007ffe7a060000 - 0x00007ffe7a8c8000 	C:\WINDOWS\System32\windows.storage.dll
0x00007ffe7b520000 - 0x00007ffe7b618000 	C:\WINDOWS\System32\SHCORE.dll
0x00007ffe7bae0000 - 0x00007ffe7bb46000 	C:\WINDOWS\System32\shlwapi.dll
0x00007ffe79770000 - 0x00007ffe79799000 	C:\WINDOWS\SYSTEM32\profapi.dll
0x00007ffe54420000 - 0x00007ffe54432000 	C:\Program Files\Java\jdk-25\bin\net.dll
0x00007ffe78b30000 - 0x00007ffe78b9c000 	C:\WINDOWS\system32\mswsock.dll
0x00007ffe54400000 - 0x00007ffe54416000 	C:\Program Files\Java\jdk-25\bin\nio.dll
0x00007ffe2d950000 - 0x00007ffe2dad4000 	C:\Program Files\Java\jdk-25\bin\awt.dll
0x00007ffe76700000 - 0x00007ffe7679f000 	C:\WINDOWS\SYSTEM32\apphelp.dll
0x00007ffe76de0000 - 0x00007ffe76e89000 	C:\WINDOWS\system32\uxtheme.dll
0x00007ffe7bd10000 - 0x00007ffe7be6c000 	C:\WINDOWS\System32\MSCTF.dll
0x00007ffe770a0000 - 0x00007ffe770cf000 	C:\WINDOWS\system32\DWMAPI.DLL
0x00007ffe34420000 - 0x00007ffe3452f000 	C:\WINDOWS\system32\opengl32.dll
0x00007ffe4e2b0000 - 0x00007ffe4e2dd000 	C:\WINDOWS\SYSTEM32\GLU32.dll
0x00007ffe76ee0000 - 0x00007ffe76f23000 	C:\WINDOWS\SYSTEM32\dxcore.dll
0x00007ffe46b50000 - 0x00007ffe46bd7000 	C:\Program Files\Java\jdk-25\bin\freetype.dll
0x00007ffe28550000 - 0x00007ffe2863e000 	C:\Program Files\Java\jdk-25\bin\fontmanager.dll
0x00007ffe7b460000 - 0x00007ffe7b50e000 	C:\WINDOWS\System32\clbcatq.dll
0x00007ffe73f50000 - 0x00007ffe7417e000 	C:\WINDOWS\SYSTEM32\WindowsCodecs.dll
0x00007ffe35e70000 - 0x00007ffe35eca000 	C:\WINDOWS\system32\dataexchange.dll
0x00007ffe64e10000 - 0x00007ffe6505d000 	C:\WINDOWS\system32\twinapi.appcore.dll
0x00007ffe53e30000 - 0x00007ffe53f78000 	C:\WINDOWS\SYSTEM32\textinputframework.dll
0x00007ffe75870000 - 0x00007ffe75997000 	C:\WINDOWS\SYSTEM32\CoreMessaging.dll
0x00007ffe6e8b0000 - 0x00007ffe6eb92000 	C:\WINDOWS\SYSTEM32\CoreUIComponents.dll
0x00007ffe78e50000 - 0x00007ffe78e5c000 	C:\WINDOWS\SYSTEM32\CRYPTBASE.DLL

JVMTI agents: none

dbghelp: loaded successfully - version: 4.0.5 - missing functions: none
symbol engine: initialized successfully - sym options: 0x614 - pdb path: .;C:\Program Files\Java\jdk-25\bin;C:\WINDOWS\SYSTEM32;C:\WINDOWS\WinSxS\amd64_microsoft.windows.common-controls_6595b64144ccf1df_6.0.26100.8115_none_3e075c82e3354f9c;C:\Program Files\Java\jdk-25\bin\server

VM Arguments:
jvm_args: -Dfile.encoding=UTF-8 --module-path=C:\Users\alanl\Desktop\Basalcode\build\classes 
java_command: codigo.BasalCodeIDE
java_class_path (initial): C:\Users\alanl\Desktop\Basalcode\build\classes
Launcher Type: SUN_STANDARD

[Global flags]
     intx CICompilerCount                          = 4                                         {product} {ergonomic}
     uint ConcGCThreads                            = 3                                         {product} {ergonomic}
     uint G1ConcRefinementThreads                  = 10                                        {product} {ergonomic}
   size_t G1HeapRegionSize                         = 2097152                                   {product} {ergonomic}
   size_t InitialHeapSize                          = 264241152                                 {product} {ergonomic}
   size_t MarkStackSize                            = 4194304                                   {product} {ergonomic}
   size_t MarkStackSizeMax                         = 536870912                                 {product} {ergonomic}
   size_t MaxHeapSize                              = 4219469824                                {product} {ergonomic}
   size_t MaxNewSize                               = 2531262464                                {product} {ergonomic}
   size_t MinHeapDeltaBytes                        = 2097152                                   {product} {ergonomic}
   size_t MinHeapSize                              = 8388608                                   {product} {ergonomic}
    uintx NonNMethodCodeHeapSize                   = 5832704                                {pd product} {ergonomic}
    uintx NonProfiledCodeHeapSize                  = 122945536                              {pd product} {ergonomic}
    uintx ProfiledCodeHeapSize                     = 122880000                              {pd product} {ergonomic}
    uintx ReservedCodeCacheSize                    = 251658240                              {pd product} {ergonomic}
     bool SegmentedCodeCache                       = true                                      {product} {ergonomic}
   size_t SoftMaxHeapSize                          = 4219469824                             {manageable} {ergonomic}
     bool UseCompressedOops                        = true                           {product lp64_product} {ergonomic}
     bool UseG1GC                                  = true                                      {product} {ergonomic}
     bool UseLargePagesIndividualAllocation        = false                                  {pd product} {ergonomic}

Logging:
Log output configuration:
 #0: stdout all=warning uptime,level,tags foldmultilines=false
 #1: stderr all=off uptime,level,tags foldmultilines=false

Release file:
IMPLEMENTOR="Oracle Corporation" 
JAVA_RUNTIME_VERSION="25.0.1+8-LTS-27" 
JAVA_VERSION="25.0.1" 
JAVA_VERSION_DATE="2025-10-21" 
LIBC="default" 
MODULES="java.base java.compiler java.datatransfer java.xml java.prefs java.desktop java.instrument java.logging java.management java.security.sasl java.naming java.rmi java.management.rmi java.net.http java.scripting java.security.jgss java.transaction.xa java.sql java.sql.rowset java.xml.crypto java.se java.smartcardio jdk.accessibility jdk.internal.jvmstat jdk.attach jdk.charsets jdk.internal.opt jdk.zipfs jdk.compiler jdk.crypto.cryptoki jdk.crypto.ec jdk.crypto.mscapi jdk.dynalink jdk.internal.ed jdk.editpad jdk.internal.vm.ci jdk.graal.compiler jdk.graal.compiler.management jdk.hotspot.agent jdk.httpserver jdk.incubator.vector jdk.internal.le jdk.internal.md jdk.jartool jdk.javadoc jdk.jcmd jdk.management jdk.management.agent jdk.jconsole jdk.jdeps jdk.jdwp.agent jdk.jdi jdk.jfr jdk.jlink jdk.jpackage jdk.jshell jdk.jsobject jdk.jstatd jdk.localedata jdk.management.jfr jdk.naming.dns jdk.naming.rmi jdk.net jdk.nio.mapmode jdk.sctp jdk.security.auth jdk.security.jgss jdk.unsupported jdk.unsupported.desktop jdk.xml.dom" 
OS_ARCH="x86_64" 
OS_NAME="Windows" 
SOURCE=".:git:862c85bc42b7 open:git:78770bfaefd2" 

Environment Variables:
PATH=C:\Program Files\Common Files\Oracle\Java\javapath;C:\Program Files (x86)\Common Files\Oracle\Java\java8path;C:\Program Files (x86)\Common Files\Oracle\Java\javapath;C:\WINDOWS\system32;C:\WINDOWS;C:\WINDOWS\System32\Wbem;C:\WINDOWS\System32\WindowsPowerShell\v1.0\;C:\WINDOWS\System32\OpenSSH\;C:\Program Files\Git\cmd;C:\Users\alanl\AppData\Local\Microsoft\WindowsApps;C:\Users\alanl\AppData\Local\GitHubDesktop\bin;C:\Users\alanl\AppData\Local\Programs\Microsoft VS Code\bin
USERNAME=Leon
OS=Windows_NT
PROCESSOR_IDENTIFIER=Intel64 Family 6 Model 186 Stepping 3, GenuineIntel
TMP=C:\Users\alanl\AppData\Local\Temp
TEMP=C:\Users\alanl\AppData\Local\Temp




Compilation memory statistics disabled.

Periodic native trim disabled

---------------  S Y S T E M  ---------------

OS:
 Windows 11 , 64 bit Build 26100 (10.0.26100.8246)
OS uptime: 11 days 14:50 hours
Hyper-V role detected

CPU: total 12 (initial active 12) (6 cores per cpu, 2 threads per core) family 6 model 186 stepping 3 microcode 0x4123, cx8, cmov, fxsr, ht, mmx, 3dnowpref, sse, sse2, sse3, ssse3, sse4.1, sse4.2, popcnt, lzcnt, tsc, tscinvbit, avx, avx2, aes, erms, clmul, bmi1, bmi2, adx, sha, fma, vzeroupper, clflush, clflushopt, clwb, hv, serialize, rdtscp, rdpid, fsrm, gfni, f16c, cet_ibt, cet_ss
Processor Information for the first 12 processors :
  Max Mhz: 1300, Current Mhz: 1300, Mhz Limit: 1300

Memory: 4k page, system-wide physical 16095M (5741M free)
TotalPageFile size 18601M (AvailPageFile size 3234M)
current process WorkingSet (physical memory assigned to process): 104M, peak: 104M
current process commit charge ("private bytes"): 366M, peak: 372M

vm_info: Java HotSpot(TM) 64-Bit Server VM (25.0.1+8-LTS-27) for windows-amd64 JRE (25.0.1+8-LTS-27), built on 2025-09-25T16:41:16Z with unknown MS VC++:1943

END.
